Determining if the pthread_create exist failed with the following output:
Change Dir: /home/zyvv/work/Rosprj/catkin/build-src-Desktop-Default/CMakeFiles/CMakeTmp

Run Build Command:"/usr/bin/make" "cmTC_c22a6/fast"
/usr/bin/make -f CMakeFiles/cmTC_c22a6.dir/build.make CMakeFiles/cmTC_c22a6.dir/build
make[1]: Entering directory '/home/zyvv/work/Rosprj/catkin/build-src-Desktop-Default/CMakeFiles/CMakeTmp'
Building C object CMakeFiles/cmTC_c22a6.dir/CheckSymbolExists.c.o
/usr/bin/cc     -o CMakeFiles/cmTC_c22a6.dir/CheckSymbolExists.c.o   -c /home/zyvv/work/Rosprj/catkin/build-src-Desktop-Default/CMakeFiles/CMakeTmp/CheckSymbolExists.c
Linking C executable cmTC_c22a6
/usr/bin/cmake -E cmake_link_script CMakeFiles/cmTC_c22a6.dir/link.txt --verbose=1
/usr/bin/cc       CMakeFiles/cmTC_c22a6.dir/CheckSymbolExists.c.o  -o cmTC_c22a6 -rdynamic 
CMakeFiles/cmTC_c22a6.dir/CheckSymbolExists.c.o：在函数‘main’中：
CheckSymbolExists.c:(.text+0x16)：对‘pthread_create’未定义的引用
collect2: error: ld returned 1 exit status
CMakeFiles/cmTC_c22a6.dir/build.make:97: recipe for target 'cmTC_c22a6' failed
make[1]: *** [cmTC_c22a6] Error 1
make[1]: Leaving directory '/home/zyvv/work/Rosprj/catkin/build-src-Desktop-Default/CMakeFiles/CMakeTmp'
Makefile:126: recipe for target 'cmTC_c22a6/fast' failed
make: *** [cmTC_c22a6/fast] Error 2

File /home/zyvv/work/Rosprj/catkin/build-src-Desktop-Default/CMakeFiles/CMakeTmp/CheckSymbolExists.c:
/* */
#include <pthread.h>

int main(int argc, char** argv)
{
  (void)argv;
#ifndef pthread_create
  return ((int*)(&pthread_create))[argc];
#else
  (void)argc;
  return 0;
#endif
}

Determining if the function pthread_create exists in the pthreads failed with the following output:
Change Dir: /home/zyvv/work/Rosprj/catkin/build-src-Desktop-Default/CMakeFiles/CMakeTmp

Run Build Command:"/usr/bin/make" "cmTC_32420/fast"
/usr/bin/make -f CMakeFiles/cmTC_32420.dir/build.make CMakeFiles/cmTC_32420.dir/build
make[1]: Entering directory '/home/zyvv/work/Rosprj/catkin/build-src-Desktop-Default/CMakeFiles/CMakeTmp'
Building C object CMakeFiles/cmTC_32420.dir/CheckFunctionExists.c.o
/usr/bin/cc    -DCHECK_FUNCTION_EXISTS=pthread_create   -o CMakeFiles/cmTC_32420.dir/CheckFunctionExists.c.o   -c /usr/share/cmake-3.5/Modules/CheckFunctionExists.c
Linking C executable cmTC_32420
/usr/bin/cmake -E cmake_link_script CMakeFiles/cmTC_32420.dir/link.txt --verbose=1
/usr/bin/cc   -DCHECK_FUNCTION_EXISTS=pthread_create    CMakeFiles/cmTC_32420.dir/CheckFunctionExists.c.o  -o cmTC_32420 -rdynamic -lpthreads 
/usr/bin/ld: 找不到 -lpthreads
collect2: error: ld returned 1 exit status
CMakeFiles/cmTC_32420.dir/build.make:97: recipe for target 'cmTC_32420' failed
make[1]: *** [cmTC_32420] Error 1
make[1]: Leaving directory '/home/zyvv/work/Rosprj/catkin/build-src-Desktop-Default/CMakeFiles/CMakeTmp'
Makefile:126: recipe for target 'cmTC_32420/fast' failed
make: *** [cmTC_32420/fast] Error 2


